Starting migrations...
======================
> Network name:    'mumbai'
> Network id:      80001
> Block gas limit: 20000000


2_deploy_metatransactions_wrapper.js
====================================

   Deploying 'MarbleMetatransactions'
   ----------------------------------
   > transaction hash:    0x16b883fc61556b856637dcf048183909d9b33456cb4ac2948d4e0e516cb5a36e
   > Blocks: 3            Seconds: 5
   > contract address:    0x6D7Bb53BFab09749211F810c27C85B9aB701e843
   > account:             0x989947C3A1EB1EE804E2364143B15668dC3F9F37
   > balance:             2.566748679
   > gas used:            907446
   > gas price:           20 gwei
   > value sent:          0 ETH
   > total cost:          0.01814892 ETH

   Pausing for 2 confirmations...
   ------------------------------
   > confirmation number: 3 (block: 8931995)

   > Saving migration to chain.
   > Saving artifacts
   -------------------------------------
   > Total cost:          0.01814892 ETH


Summary
=======
> Total deployments:   1
> Final cost:          0.01814892 ETH


