Starting migrations...
======================
> Network name:    'mumbai'
> Network id:      80001
> Block gas limit: 20000000


1_initial_migration.js
======================

   Deploying 'Migrations'
   ----------------------
   > transaction hash:    0x8f30b48a1b5c58346af89307e789f18bec04d3a1f7c709a75c1ab38cef0086d0
   > Blocks: 2            Seconds: 5
   > contract address:    0xa24e5558c4Aa4DbA75aB9C2f09687bdD21A1a04b
   > account:             0x989947C3A1EB1EE804E2364143B15668dC3F9F37
   > balance:             0.964503059
   > gas used:            238594
   > gas price:           20 gwei
   > value sent:          0 ETH
   > total cost:          0.00477188 ETH

   Pausing for 2 confirmations...
   ------------------------------
   > confirmation number: 3 (block: 8918202)

   > Saving migration to chain.
   > Saving artifacts
   -------------------------------------
   > Total cost:          0.00477188 ETH


2_deploy_marble_nft_factory.js
==============================

   Deploying 'MarbleNFTFactory'
   ----------------------------
   > transaction hash:    0xbf95f2d681b5839b67654049ddf486b2d059181f04f425b0fb886fa8b32147b7
   > Blocks: 1            Seconds: 5
   > contract address:    0xc7Bf475a8bE8c70746DC5A241B7dD3C92A1a42E1
   > account:             0x989947C3A1EB1EE804E2364143B15668dC3F9F37
   > balance:             0.918237039
   > gas used:            2270953
   > gas price:           20 gwei
   > value sent:          0 ETH
   > total cost:          0.04541906 ETH

   Pausing for 2 confirmations...
   ------------------------------
   > confirmation number: 3 (block: 8918213)

   > Saving migration to chain.
   > Saving artifacts
   -------------------------------------
   > Total cost:          0.04541906 ETH


3_deploy_marble_nft.js
======================

   Deploying 'MarbleNFT'
   ---------------------
   > transaction hash:    0xfc97b613658aba888f26643d4f23f1ca89b282b862698c89e2b779d5dfad161b
   > Blocks: 2            Seconds: 5
   > contract address:    0xa9f618C5D67Ae221EfF918538a0F811E4fFdDB69
   > account:             0x989947C3A1EB1EE804E2364143B15668dC3F9F37
   > balance:             0.834571399
   > gas used:            4155934
   > gas price:           20 gwei
   > value sent:          0 ETH
   > total cost:          0.08311868 ETH

   Pausing for 2 confirmations...
   ------------------------------
   > confirmation number: 3 (block: 8918226)

   > Saving migration to chain.
   > Saving artifacts
   -------------------------------------
   > Total cost:          0.08311868 ETH


4_deploy_marble_nft_candidate.js
================================

   Deploying 'MarbleNFTCandidate'
   ------------------------------
   > transaction hash:    0x89b3eb8ee2f2bc7062e2ba6bbb37e17d30a2faf690441bafac4639ec7edef2f2
   > Blocks: 2            Seconds: 5
   > contract address:    0xe5f8183Fa2Bea2eD64c5E4EF4eA31e4fA88A0347
   > account:             0x989947C3A1EB1EE804E2364143B15668dC3F9F37
   > balance:             0.792632339
   > gas used:            1956656
   > gas price:           20 gwei
   > value sent:          0 ETH
   > total cost:          0.03913312 ETH

   Pausing for 2 confirmations...
   ------------------------------
   > confirmation number: 3 (block: 8918241)

   > Saving migration to chain.
   > Saving artifacts
   -------------------------------------
   > Total cost:          0.03913312 ETH


5_deploy_marble_auction_contracts.js
====================================

   Deploying 'MarbleDutchAuction'
   ------------------------------
   > transaction hash:    0x38be0ddf5fd15b71fa57cbed4dde8c7ae85cc03ae160147285a6bf8b9c1d2bab
   > Blocks: 3            Seconds: 5
   > contract address:    0xf9AB0344862F6536BbfD81bd7F632450757e893f
   > account:             0x989947C3A1EB1EE804E2364143B15668dC3F9F37
   > balance:             0.714029339
   > gas used:            3747182
   > gas price:           20 gwei
   > value sent:          0 ETH
   > total cost:          0.07494364 ETH

   Pausing for 2 confirmations...
   ------------------------------
   > confirmation number: 3 (block: 8918257)

   > Saving migration to chain.
   > Saving artifacts
   -------------------------------------
   > Total cost:          0.07494364 ETH


Summary
=======
> Total deployments:   5
> Final cost:          0.24738638 ETH

